0 info it worked if it ends with ok
1 verbose cli [ '/usr/local/bin/node',
1 verbose cli   '/usr/local/bin/npm',
1 verbose cli   'install',
1 verbose cli   '-g',
1 verbose cli   'mocha' ]
2 info using npm@2.14.4
3 info using node@v4.1.2
4 verbose install initial load of /usr/local/lib/package.json
5 verbose readDependencies loading dependencies from /usr/local/lib/package.json
6 silly cache add args [ 'mocha', null ]
7 verbose cache add spec mocha
8 silly cache add parsed spec Result {
8 silly cache add   raw: 'mocha',
8 silly cache add   scope: null,
8 silly cache add   name: 'mocha',
8 silly cache add   rawSpec: '',
8 silly cache add   spec: '*',
8 silly cache add   type: 'range' }
9 silly addNamed mocha@*
10 verbose addNamed "*" is a valid semver range for mocha
11 silly addNameRange { name: 'mocha', range: '*', hasData: false }
12 silly mapToRegistry name mocha
13 silly mapToRegistry using default registry
14 silly mapToRegistry registry https://registry.npmjs.org/
15 silly mapToRegistry uri https://registry.npmjs.org/mocha
16 verbose addNameRange registry:https://registry.npmjs.org/mocha not in flight; fetching
17 verbose request uri https://registry.npmjs.org/mocha
18 verbose request no auth needed
19 info attempt registry request try #1 at 6:17:56 PM
20 verbose request id c6c8faf42f4fb909
21 http request GET https://registry.npmjs.org/mocha
22 http 200 https://registry.npmjs.org/mocha
23 silly get cb [ 200,
23 silly get   { server: 'CouchDB/1.5.0 (Erlang OTP/R16B03)',
23 silly get     etag: '"4UPZ88Z2AMH9BGFPLD80LG5L1"',
23 silly get     'content-type': 'application/json',
23 silly get     'cache-control': 'max-age=60',
23 silly get     'content-length': '204012',
23 silly get     'accept-ranges': 'bytes',
23 silly get     date: 'Wed, 18 Nov 2015 02:17:57 GMT',
23 silly get     via: '1.1 varnish',
23 silly get     age: '11',
23 silly get     connection: 'keep-alive',
23 silly get     'x-served-by': 'cache-lax1432-LAX',
23 silly get     'x-cache': 'HIT',
23 silly get     'x-cache-hits': '1',
23 silly get     'x-timer': 'S1447813077.118388,VS0,VE1',
23 silly get     vary: 'Accept' } ]
24 verbose get saving mocha to /Users/aliviamarciablount/.npm/registry.npmjs.org/mocha/.cache.json
25 verbose makeDirectory /Users/aliviamarciablount/.npm creation not in flight; initializing
26 silly makeDirectory /Users/aliviamarciablount/.npm uid: 501 gid: 20
27 silly addNameRange number 2 { name: 'mocha', range: '*', hasData: true }
28 silly addNameRange versions [ 'mocha',
28 silly addNameRange   [ '0.0.1-alpha1',
28 silly addNameRange     '0.0.1-alpha2',
28 silly addNameRange     '0.0.1-alpha3',
28 silly addNameRange     '0.0.1-alpha4',
28 silly addNameRange     '0.0.1-alpha5',
28 silly addNameRange     '0.0.1-alpha6',
28 silly addNameRange     '0.0.1',
28 silly addNameRange     '0.0.2',
28 silly addNameRange     '0.0.3',
28 silly addNameRange     '0.0.4',
28 silly addNameRange     '0.0.5',
28 silly addNameRange     '0.0.6',
28 silly addNameRange     '0.0.7',
28 silly addNameRange     '0.0.8',
28 silly addNameRange     '0.1.0',
28 silly addNameRange     '0.2.0',
28 silly addNameRange     '0.3.0',
28 silly addNameRange     '0.3.1',
28 silly addNameRange     '0.3.2',
28 silly addNameRange     '0.3.3',
28 silly addNameRange     '0.3.4',
28 silly addNameRange     '0.3.6',
28 silly addNameRange     '0.4.0',
28 silly addNameRange     '0.5.0',
28 silly addNameRange     '0.6.0',
28 silly addNameRange     '0.7.0',
28 silly addNameRange     '0.7.1',
28 silly addNameRange     '0.8.0',
28 silly addNameRange     '0.8.1',
28 silly addNameRange     '0.9.0',
28 silly addNameRange     '0.10.0',
28 silly addNameRange     '0.10.1',
28 silly addNameRange     '0.10.2',
28 silly addNameRange     '0.11.0',
28 silly addNameRange     '0.12.0',
28 silly addNameRange     '0.12.1',
28 silly addNameRange     '0.13.0',
28 silly addNameRange     '0.14.0',
28 silly addNameRange     '0.14.1',
28 silly addNameRange     '1.0.0',
28 silly addNameRange     '1.0.1',
28 silly addNameRange     '1.0.2',
28 silly addNameRange     '1.0.3',
28 silly addNameRange     '1.1.0',
28 silly addNameRange     '1.2.0',
28 silly addNameRange     '1.2.1',
28 silly addNameRange     '1.2.2',
28 silly addNameRange     '1.3.0',
28 silly addNameRange     '1.3.1',
28 silly addNameRange     '1.3.2',
28 silly addNameRange     '1.4.0',
28 silly addNameRange     '1.4.1',
28 silly addNameRange     '1.4.2',
28 silly addNameRange     '1.4.3',
28 silly addNameRange     '1.5.0',
28 silly addNameRange     '1.6.0',
28 silly addNameRange     '1.7.0',
28 silly addNameRange     '1.7.1',
28 silly addNameRange     '1.7.2',
28 silly addNameRange     '1.7.3',
28 silly addNameRange     '1.7.4',
28 silly addNameRange     '1.8.0',
28 silly addNameRange     '1.8.1',
28 silly addNameRange     '1.8.2',
28 silly addNameRange     '1.9.0',
28 silly addNameRange     '1.10.0',
28 silly addNameRange     '1.11.0',
28 silly addNameRange     '1.12.0',
28 silly addNameRange     '1.12.1',
28 silly addNameRange     '1.13.0',
28 silly addNameRange     '1.14.0',
28 silly addNameRange     '1.15.0',
28 silly addNameRange     '1.15.1',
28 silly addNameRange     '1.16.0',
28 silly addNameRange     '1.16.1',
28 silly addNameRange     '1.16.2',
28 silly addNameRange     '1.17.0',
28 silly addNameRange     '1.17.1',
28 silly addNameRange     '1.18.0',
28 silly addNameRange     '1.18.1',
28 silly addNameRange     '1.18.2',
28 silly addNameRange     '1.19.0',
28 silly addNameRange     '1.20.0',
28 silly addNameRange     '1.20.1',
28 silly addNameRange     '1.21.0',
28 silly addNameRange     '1.21.1',
28 silly addNameRange     '1.21.2',
28 silly addNameRange     '1.21.3',
28 silly addNameRange     '1.21.4',
28 silly addNameRange     '1.21.5',
28 silly addNameRange     '2.0.0',
28 silly addNameRange     '2.0.1',
28 silly addNameRange     '2.1.0',
28 silly addNameRange     '2.2.0',
28 silly addNameRange     '2.2.1',
28 silly addNameRange     '2.2.3',
28 silly addNameRange     '2.2.4',
28 silly addNameRange     '2.2.5',
28 silly addNameRange     '2.3.0',
28 silly addNameRange     '2.3.1',
28 silly addNameRange     '2.3.2',
28 silly addNameRange     '2.3.3',
28 silly addNameRange     '2.3.4' ] ]
29 silly addNamed mocha@2.3.4
30 verbose addNamed "2.3.4" is a plain semver version for mocha
31 silly mapToRegistry name mocha
32 silly mapToRegistry using default registry
33 silly mapToRegistry registry https://registry.npmjs.org/
34 silly mapToRegistry uri https://registry.npmjs.org/mocha
35 verbose addRemoteTarball https://registry.npmjs.org/mocha/-/mocha-2.3.4.tgz not in flight; adding
36 verbose addRemoteTarball [ 'https://registry.npmjs.org/mocha/-/mocha-2.3.4.tgz',
36 verbose addRemoteTarball   '8629a6fb044f2d225aa4b81a2ae2d001699eb266' ]
37 info retry fetch attempt 1 at 6:17:57 PM
38 info attempt registry request try #1 at 6:17:57 PM
39 http fetch GET https://registry.npmjs.org/mocha/-/mocha-2.3.4.tgz
40 http fetch 200 https://registry.npmjs.org/mocha/-/mocha-2.3.4.tgz
41 silly fetchAndShaCheck shasum 8629a6fb044f2d225aa4b81a2ae2d001699eb266
42 verbose addTmpTarball /var/folders/95/bdk2g_tn76vgf6x9x_vslnw00000gn/T/npm-5032-011870de/registry.npmjs.org/mocha/-/mocha-2.3.4.tgz not in flight; adding
43 verbose addTmpTarball already have metadata; skipping unpack for mocha@2.3.4
44 silly cache afterAdd mocha@2.3.4
45 verbose afterAdd /Users/aliviamarciablount/.npm/mocha/2.3.4/package/package.json not in flight; writing
46 verbose afterAdd /Users/aliviamarciablount/.npm/mocha/2.3.4/package/package.json written
47 silly install resolved [ { name: 'mocha',
47 silly install resolved     version: '2.3.4',
47 silly install resolved     description: 'simple, flexible, fun test framework',
47 silly install resolved     keywords: [ 'mocha', 'test', 'bdd', 'tdd', 'tap' ],
47 silly install resolved     author: { name: 'TJ Holowaychuk', email: 'tj@vision-media.ca' },
47 silly install resolved     contributors:
47 silly install resolved      [ [Object],
47 silly install resolved        [Object],
47 silly install resolved        [Object],
47 silly install resolved        [Object],
47 silly install resolved        [Object],
47 silly install resolved        [Object],
47 silly install resolved        [Object],
47 silly install resolved        [Object],
47 silly install resolved        [Object],
47 silly install resolved        [Object],
47 silly install resolved        [Object],
47 silly install resolved        [Object],
47 silly install resolved        [Object],
47 silly install resolved        [Object],
47 silly install resolved        [Object],
47 silly install resolved        [Object],
47 silly install resolved        [Object],
47 silly install resolved        [Object],
47 silly install resolved        [Object],
47 silly install resolved        [Object],
47 silly install resolved        [Object],
47 silly install resolved        [Object],
47 silly install resolved        [Object],
47 silly install resolved        [Object],
47 silly install resolved        [Object],
47 silly install resolved        [Object],
47 silly install resolved        [Object],
47 silly install resolved        [Object],
47 silly install resolved        [Object],
47 silly install resolved        [Object],
47 silly install resolved        [Object],
47 silly install resolved        [Object],
47 silly install resolved        [Object],
47 silly install resolved        [Object],
47 silly install resolved        [Object],
47 silly install resolved        [Object],
47 silly install resolved        [Object],
47 silly install resolved        [Object],
47 silly install resolved        [Object],
47 silly install resolved        [Object],
47 silly install resolved        [Object],
47 silly install resolved        [Object],
47 silly install resolved        [Object],
47 silly install resolved        [Object],
47 silly install resolved        [Object],
47 silly install resolved        [Object],
47 silly install resolved        [Object],
47 silly install resolved        [Object],
47 silly install resolved        [Object],
47 silly install resolved        [Object],
47 silly install resolved        [Object],
47 silly install resolved        [Object],
47 silly install resolved        [Object],
47 silly install resolved        [Object],
47 silly install resolved        [Object],
47 silly install resolved        [Object],
47 silly install resolved        [Object],
47 silly install resolved        [Object],
47 silly install resolved        [Object],
47 silly install resolved        [Object],
47 silly install resolved        [Object],
47 silly install resolved        [Object],
47 silly install resolved        [Object],
47 silly install resolved        [Object],
47 silly install resolved        [Object],
47 silly install resolved        [Object],
47 silly install resolved        [Object],
47 silly install resolved        [Object],
47 silly install resolved        [Object],
47 silly install resolved        [Object],
47 silly install resolved        [Object],
47 silly install resolved        [Object],
47 silly install resolved        [Object],
47 silly install resolved        [Object],
47 silly install resolved        [Object],
47 silly install resolved        [Object],
47 silly install resolved        [Object],
47 silly install resolved        [Object],
47 silly install resolved        [Object],
47 silly install resolved        [Object],
47 silly install resolved        [Object],
47 silly install resolved        [Object],
47 silly install resolved        [Object],
47 silly install resolved        [Object],
47 silly install resolved        [Object],
47 silly install resolved        [Object],
47 silly install resolved        [Object],
47 silly install resolved        [Object],
47 silly install resolved        [Object],
47 silly install resolved        [Object],
47 silly install resolved        [Object],
47 silly install resolved        [Object],
47 silly install resolved        [Object],
47 silly install resolved        [Object],
47 silly install resolved        [Object],
47 silly install resolved        [Object],
47 silly install resolved        [Object],
47 silly install resolved        [Object],
47 silly install resolved        [Object],
47 silly install resolved        [Object],
47 silly install resolved        [Object],
47 silly install resolved        [Object],
47 silly install resolved        [Object],
47 silly install resolved        [Object],
47 silly install resolved        [Object],
47 silly install resolved        [Object],
47 silly install resolved        [Object],
47 silly install resolved        [Object],
47 silly install resolved        [Object],
47 silly install resolved        [Object],
47 silly install resolved        [Object],
47 silly install resolved        [Object],
47 silly install resolved        [Object],
47 silly install resolved        [Object],
47 silly install resolved        [Object],
47 silly install resolved        [Object],
47 silly install resolved        [Object],
47 silly install resolved        [Object],
47 silly install resolved        [Object],
47 silly install resolved        [Object],
47 silly install resolved        [Object],
47 silly install resolved        [Object],
47 silly install resolved        [Object],
47 silly install resolved        [Object],
47 silly install resolved        [Object],
47 silly install resolved        [Object],
47 silly install resolved        [Object],
47 silly install resolved        [Object],
47 silly install resolved        [Object],
47 silly install resolved        [Object],
47 silly install resolved        [Object],
47 silly install resolved        [Object],
47 silly install resolved        [Object],
47 silly install resolved        [Object],
47 silly install resolved        [Object],
47 silly install resolved        [Object],
47 silly install resolved        [Object],
47 silly install resolved        [Object],
47 silly install resolved        [Object],
47 silly install resolved        [Object],
47 silly install resolved        [Object],
47 silly install resolved        [Object],
47 silly install resolved        [Object],
47 silly install resolved        [Object],
47 silly install resolved        [Object],
47 silly install resolved        [Object],
47 silly install resolved        [Object],
47 silly install resolved        [Object],
47 silly install resolved        [Object],
47 silly install resolved        [Object],
47 silly install resolved        [Object],
47 silly install resolved        [Object],
47 silly install resolved        [Object],
47 silly install resolved        [Object],
47 silly install resolved        [Object],
47 silly install resolved        [Object],
47 silly install resolved        [Object],
47 silly install resolved        [Object],
47 silly install resolved        [Object],
47 silly install resolved        [Object],
47 silly install resolved        [Object],
47 silly install resolved        [Object],
47 silly install resolved        [Object],
47 silly install resolved        [Object],
47 silly install resolved        [Object],
47 silly install resolved        [Object],
47 silly install resolved        [Object],
47 silly install resolved        [Object],
47 silly install resolved        [Object],
47 silly install resolved        [Object],
47 silly install resolved        [Object],
47 silly install resolved        [Object],
47 silly install resolved        [Object],
47 silly install resolved        [Object],
47 silly install resolved        [Object],
47 silly install resolved        [Object],
47 silly install resolved        [Object],
47 silly install resolved        [Object],
47 silly install resolved        [Object],
47 silly install resolved        [Object],
47 silly install resolved        [Object],
47 silly install resolved        [Object],
47 silly install resolved        [Object],
47 silly install resolved        [Object],
47 silly install resolved        [Object],
47 silly install resolved        [Object],
47 silly install resolved        [Object],
47 silly install resolved        [Object],
47 silly install resolved        [Object],
47 silly install resolved        [Object],
47 silly install resolved        [Object],
47 silly install resolved        [Object],
47 silly install resolved        [Object],
47 silly install resolved        [Object],
47 silly install resolved        [Object],
47 silly install resolved        [Object],
47 silly install resolved        [Object],
47 silly install resolved        [Object],
47 silly install resolved        [Object],
47 silly install resolved        [Object],
47 silly install resolved        [Object],
47 silly install resolved        [Object],
47 silly install resolved        [Object],
47 silly install resolved        [Object],
47 silly install resolved        [Object],
47 silly install resolved        [Object],
47 silly install resolved        [Object],
47 silly install resolved        [Object],
47 silly install resolved        [Object],
47 silly install resolved        [Object],
47 silly install resolved        [Object],
47 silly install resolved        [Object],
47 silly install resolved        [Object],
47 silly install resolved        [Object],
47 silly install resolved        [Object],
47 silly install resolved        [Object],
47 silly install resolved        [Object],
47 silly install resolved        [Object],
47 silly install resolved        [Object],
47 silly install resolved        [Object],
47 silly install resolved        [Object],
47 silly install resolved        [Object],
47 silly install resolved        [Object],
47 silly install resolved        [Object],
47 silly install resolved        [Object],
47 silly install resolved        [Object],
47 silly install resolved        [Object],
47 silly install resolved        [Object],
47 silly install resolved        [Object],
47 silly install resolved        [Object],
47 silly install resolved        [Object],
47 silly install resolved        [Object],
47 silly install resolved        [Object],
47 silly install resolved        [Object],
47 silly install resolved        [Object],
47 silly install resolved        [Object],
47 silly install resolved        [Object],
47 silly install resolved        [Object],
47 silly install resolved        [Object],
47 silly install resolved        [Object] ],
47 silly install resolved     license: 'MIT',
47 silly install resolved     repository: { type: 'git', url: 'git://github.com/mochajs/mocha.git' },
47 silly install resolved     maintainers: [ [Object], [Object], [Object], [Object] ],
47 silly install resolved     main: './index',
47 silly install resolved     bin: { mocha: './bin/mocha', _mocha: './bin/_mocha' },
47 silly install resolved     engines: { node: '>= 0.8.x' },
47 silly install resolved     scripts: { test: 'make test-all' },
47 silly install resolved     dependencies:
47 silly install resolved      { commander: '2.3.0',
47 silly install resolved        debug: '2.2.0',
47 silly install resolved        diff: '1.4.0',
47 silly install resolved        'escape-string-regexp': '1.0.2',
47 silly install resolved        glob: '3.2.3',
47 silly install resolved        growl: '1.8.1',
47 silly install resolved        jade: '0.26.3',
47 silly install resolved        mkdirp: '0.5.0',
47 silly install resolved        'supports-color': '1.2.0' },
47 silly install resolved     devDependencies:
47 silly install resolved      { 'browser-stdout': '^1.2.0',
47 silly install resolved        browserify: '10.2.4',
47 silly install resolved        'coffee-script': '~1.8.0',
47 silly install resolved        eslint: '^1.2.1',
47 silly install resolved        should: '~4.0.0',
47 silly install resolved        through2: '~0.6.5' },
47 silly install resolved     files:
47 silly install resolved      [ 'bin',
47 silly install resolved        'images',
47 silly install resolved        'lib',
47 silly install resolved        'index.js',
47 silly install resolved        'mocha.css',
47 silly install resolved        'mocha.js',
47 silly install resolved        'LICENSE' ],
47 silly install resolved     browser:
47 silly install resolved      { debug: './lib/browser/debug.js',
47 silly install resolved        events: './lib/browser/events.js',
47 silly install resolved        tty: './lib/browser/tty.js' },
47 silly install resolved     licenses: [ [Object] ],
47 silly install resolved     gitHead: 'c1afbeccb3b4ad27b938649ae464ae1f631533cc',
47 silly install resolved     bugs: { url: 'https://github.com/mochajs/mocha/issues' },
47 silly install resolved     homepage: 'https://github.com/mochajs/mocha',
47 silly install resolved     _id: 'mocha@2.3.4',
47 silly install resolved     _shasum: '8629a6fb044f2d225aa4b81a2ae2d001699eb266',
47 silly install resolved     _from: 'mocha@*',
47 silly install resolved     _npmVersion: '2.14.7',
47 silly install resolved     _nodeVersion: '4.2.1',
47 silly install resolved     _npmUser: { name: 'travisjeffery', email: 'tj@travisjeffery.com' },
47 silly install resolved     dist:
47 silly install resolved      { shasum: '8629a6fb044f2d225aa4b81a2ae2d001699eb266',
47 silly install resolved        tarball: 'http://registry.npmjs.org/mocha/-/mocha-2.3.4.tgz' },
47 silly install resolved     directories: {},
47 silly install resolved     _resolved: 'https://registry.npmjs.org/mocha/-/mocha-2.3.4.tgz' } ]
48 info install mocha@2.3.4 into /usr/local/lib
49 info installOne mocha@2.3.4
50 verbose installOne of mocha to /usr/local/lib not in flight; installing
51 verbose makeDirectory /Users/aliviamarciablount/.npm/_locks creation not in flight; initializing
52 silly makeDirectory /Users/aliviamarciablount/.npm/_locks uid: 501 gid: 20
53 verbose lock using /Users/aliviamarciablount/.npm/_locks/mocha-1cb4102bb5230051.lock for /usr/local/lib/node_modules/mocha
54 silly install write writing mocha 2.3.4 to /usr/local/lib/node_modules/mocha
55 verbose unbuild lib/node_modules/mocha
56 silly gentlyRm /usr/local/lib/node_modules/mocha is being purged from base /usr/local
57 verbose gentlyRm don't care about contents; nuking /usr/local/lib/node_modules/mocha
58 verbose tar unpack /Users/aliviamarciablount/.npm/mocha/2.3.4/package.tgz
59 verbose tar unpacking to /usr/local/lib/node_modules/mocha
60 silly gentlyRm /usr/local/lib/node_modules/mocha is being purged
61 verbose gentlyRm don't care about contents; nuking /usr/local/lib/node_modules/mocha
62 silly gunzTarPerm modes [ '755', '644' ]
63 error tar.unpack untar error /Users/aliviamarciablount/.npm/mocha/2.3.4/package.tgz
64 verbose unlock done using /Users/aliviamarciablount/.npm/_locks/mocha-1cb4102bb5230051.lock for /usr/local/lib/node_modules/mocha
65 verbose fstream_path /usr/local/lib/node_modules/mocha
66 verbose fstream_type Directory
67 verbose fstream_class DirWriter
68 verbose stack Error: EACCES: permission denied, mkdir '/usr/local/lib/node_modules/mocha'
68 verbose stack     at Error (native)
69 verbose fstream_stack /usr/local/lib/node_modules/npm/node_modules/fstream/lib/dir-writer.js:35:25
69 verbose fstream_stack /usr/local/lib/node_modules/npm/node_modules/mkdirp/index.js:47:53
69 verbose fstream_stack FSReqWrap.oncomplete (fs.js:82:15)
70 verbose cwd /Users/aliviamarciablount/hack_reacter_fulcrum/javascript-koans/koans
71 error Darwin 14.5.0
72 error argv "/usr/local/bin/node" "/usr/local/bin/npm" "install" "-g" "mocha"
73 error node v4.1.2
74 error npm  v2.14.4
75 error path /usr/local/lib/node_modules/mocha
76 error code EACCES
77 error errno -13
78 error syscall mkdir
79 error Error: EACCES: permission denied, mkdir '/usr/local/lib/node_modules/mocha'
79 error     at Error (native)
79 error  { [Error: EACCES: permission denied, mkdir '/usr/local/lib/node_modules/mocha']
79 error   errno: -13,
79 error   code: 'EACCES',
79 error   syscall: 'mkdir',
79 error   path: '/usr/local/lib/node_modules/mocha',
79 error   fstream_type: 'Directory',
79 error   fstream_path: '/usr/local/lib/node_modules/mocha',
79 error   fstream_class: 'DirWriter',
79 error   fstream_stack:
79 error    [ '/usr/local/lib/node_modules/npm/node_modules/fstream/lib/dir-writer.js:35:25',
79 error      '/usr/local/lib/node_modules/npm/node_modules/mkdirp/index.js:47:53',
79 error      'FSReqWrap.oncomplete (fs.js:82:15)' ] }
80 error Please try running this command again as root/Administrator.
81 verbose exit [ -13, true ]
82 verbose unbuild lib/node_modules/mocha
83 silly gentlyRm /usr/local/lib/node_modules/mocha is being purged from base /usr/local
84 verbose gentlyRm don't care about contents; nuking /usr/local/lib/node_modules/mocha
